0 info it worked if it ends with ok
1 verbose cli [ 'C:\\Program Files\\nodejs\\node.exe',
1 verbose cli   'C:\\Program Files\\nodejs\\node_modules\\npm\\bin\\npm-cli.js',
1 verbose cli   'start' ]
2 info using npm@3.6.0
3 info using node@v5.6.0
4 verbose run-script [ 'prestart', 'start', 'poststart' ]
5 info lifecycle wm-makerspace-server@0.0.1~prestart: wm-makerspace-server@0.0.1
6 silly lifecycle wm-makerspace-server@0.0.1~prestart: no script for prestart, continuing
7 info lifecycle wm-makerspace-server@0.0.1~start: wm-makerspace-server@0.0.1
8 verbose lifecycle wm-makerspace-server@0.0.1~start: unsafe-perm in lifecycle true
9 verbose lifecycle wm-makerspace-server@0.0.1~start: PATH: C:\Program Files\nodejs\node_modules\npm\bin\node-gyp-bin;C:\Users\Tabarious\Documents\GitHub\ajwells\wm-makerspace-server\node_modules\.bin;C:\Users\Tabarious\bin;C:\Program Files\Git\mingw64\bin;C:\Program Files\Git\usr\local\bin;C:\Program Files\Git\usr\bin;C:\Program Files\Git\usr\bin;C:\Program Files\Git\mingw64\bin;C:\Program Files\Git\usr\bin;C:\Users\Tabarious\bin;C:\ProgramData\Oracle\Java\javapath;C:\Program Files (x86)\Intel\iCLS Client;C:\Program Files\Intel\iCLS Client;C:\Windows\system32;C:\Windows;C:\Windows\System32\Wbem;C:\Windows\System32\WindowsPowerShell\v1.0;C:\Program Files\Intel\Intel(R) Management Engine Components\DAL;C:\Program Files (x86)\Intel\Intel(R) Management Engine Components\DAL;C:\Program Files\Intel\Intel(R) Management Engine Components\IPT;C:\Program Files (x86)\Intel\Intel(R) Management Engine Components\IPT;C:\Program Files (x86)\NVIDIA Corporation\PhysX\Common;C:\Program Files (x86)\Windows Kits\8.1\Windows Performance Toolkit;C:\Program Files\Microsoft SQL Server\110\Tools\Binn;C:\Program Files (x86)\Microsoft SDKs\TypeScript\1.0;C:\Program Files\Microsoft SQL Server\120\Tools\Binn;C:\Program Files\MiKTeX 2.9\miktex\bin\x64;C:\Program Files (x86)\GnuWin32\bin;C:\Program Files\Microsoft\Web Platform Installer;C:\Program Files (x86)\CMake\bin;C:\SFML\bin;C:\TDM-GCC-32\bin;C:\Program Files\nodejs;C:\Program Files\Git\cmd;C:\Program Files\Git\mingw64\bin;C:\Program Files\Git\usr\bin;C:\sqlite;C:\Ruby193\bin;C:\Users\Tabarious\AppData\Local\atom\bin;C:\Users\Tabarious\AppData\Roaming\npm;C:\sqlite;C:\Program Files\Git\usr\bin\vendor_perl;C:\Program Files\Git\usr\bin\core_perl
10 verbose lifecycle wm-makerspace-server@0.0.1~start: CWD: C:\Users\Tabarious\Documents\GitHub\ajwells\wm-makerspace-server
11 silly lifecycle wm-makerspace-server@0.0.1~start: Args: [ '/d /s /c', 'node server.js' ]
12 silly lifecycle wm-makerspace-server@0.0.1~start: Returned: code: 1  signal: null
13 info lifecycle wm-makerspace-server@0.0.1~start: Failed to exec start script
14 verbose stack Error: wm-makerspace-server@0.0.1 start: `node server.js`
14 verbose stack Exit status 1
14 verbose stack     at EventEmitter.<anonymous> (C:\Program Files\nodejs\node_modules\npm\lib\utils\lifecycle.js:232:16)
14 verbose stack     at emitTwo (events.js:100:13)
14 verbose stack     at EventEmitter.emit (events.js:185:7)
14 verbose stack     at ChildProcess.<anonymous> (C:\Program Files\nodejs\node_modules\npm\lib\utils\spawn.js:24:14)
14 verbose stack     at emitTwo (events.js:100:13)
14 verbose stack     at ChildProcess.emit (events.js:185:7)
14 verbose stack     at maybeClose (internal/child_process.js:827:16)
14 verbose stack     at Process.ChildProcess._handle.onexit (internal/child_process.js:211:5)
15 verbose pkgid wm-makerspace-server@0.0.1
16 verbose cwd C:\Users\Tabarious\Documents\GitHub\ajwells\wm-makerspace-server
17 error Windows_NT 6.3.9600
18 error argv "C:\\Program Files\\nodejs\\node.exe" "C:\\Program Files\\nodejs\\node_modules\\npm\\bin\\npm-cli.js" "start"
19 error node v5.6.0
20 error npm  v3.6.0
21 error code ELIFECYCLE
22 error wm-makerspace-server@0.0.1 start: `node server.js`
22 error Exit status 1
23 error Failed at the wm-makerspace-server@0.0.1 start script 'node server.js'.
23 error Make sure you have the latest version of node.js and npm installed.
23 error If you do, this is most likely a problem with the wm-makerspace-server package,
23 error not with npm itself.
23 error Tell the author that this fails on your system:
23 error     node server.js
23 error You can get information on how to open an issue for this project with:
23 error     npm bugs wm-makerspace-server
23 error Or if that isn't available, you can get their info via:
23 error     npm owner ls wm-makerspace-server
23 error There is likely additional logging output above.
24 verbose exit [ 1, true ]
